2025-03-07T21:26:18.467Z [info]: Server is listening on http://localhost:3000
2025-03-07T21:26:35.411Z [info]: ,items
2025-03-07T21:26:44.290Z [info]: ,items
2025-03-07T21:26:49.499Z [info]: ,items
2025-03-09T02:13:52.605Z [info]: Server is listening on http://localhost:3000
2025-03-09T02:15:28.810Z [info]: Server is listening on http://localhost:3000
2025-03-09T02:15:58.415Z [info]: Server is listening on http://localhost:3000
2025-03-09T02:16:50.348Z [info]: ,items
2025-03-09T02:16:58.040Z [info]: Server is listening on http://localhost:3000
2025-03-09T02:16:59.975Z [info]: ,items
2025-03-09T02:18:42.355Z [info]: Server is listening on http://localhost:3000
2025-03-09T02:18:43.513Z [info]: ,items
2025-03-09T02:19:11.540Z [info]: ,items,peach
2025-03-09T02:19:11.541Z [info]: Updating item: peach
2025-03-09T02:26:15.755Z [info]: ,items
2025-03-09T02:26:15.756Z [info]: Updating item: undefined
2025-03-09T02:26:21.004Z [info]: ,items
2025-03-09T02:28:53.655Z [info]: Server is listening on http://localhost:3000
2025-03-09T02:28:54.878Z [info]: ,items
2025-03-09T02:29:03.297Z [info]: ,items
2025-03-09T02:29:23.442Z [info]: ,items,peach
2025-03-09T02:29:23.442Z [info]: Updating item: peach
2025-03-09T02:29:42.744Z [info]: ,items
2025-03-09T02:29:46.385Z [info]: ,items
2025-03-09T02:30:32.047Z [info]: Server is listening on http://localhost:3000
2025-03-09T02:30:34.200Z [info]: ,items
2025-03-09T02:32:13.195Z [info]: Server is listening on http://localhost:3000
2025-03-09T02:32:15.434Z [info]: ,items
2025-03-09T02:32:51.830Z [info]: Server is listening on http://localhost:3000
2025-03-09T02:32:53.552Z [info]: ,items
2025-03-09T02:32:59.295Z [info]: ,items
2025-03-09T02:33:06.907Z [info]: ,items
2025-03-09T02:33:12.784Z [info]: ,items
2025-03-09T02:33:26.406Z [info]: ,items,peach
2025-03-09T02:33:26.407Z [info]: Updating item: peach
2025-03-09T02:33:32.695Z [info]: ,items,peach
2025-03-09T02:33:32.696Z [info]: Updating item: peach
2025-03-09T02:53:17.062Z [info]: Server is listening on http://localhost:3000
2025-03-09T02:54:21.067Z [info]: Server is listening on http://localhost:3000
2025-03-09T02:54:43.664Z [info]: Server is listening on http://localhost:3000
2025-03-09T02:54:51.998Z [info]: Server is listening on http://localhost:3000
2025-03-09T02:56:22.147Z [info]: Server is listening on http://localhost:3000
2025-03-09T02:56:28.534Z [info]: Server is listening on http://localhost:3000
2025-03-09T02:58:58.449Z [info]: Server is listening on http://localhost:3000
2025-03-11T17:45:05.743Z [info]: Server is listening on http://localhost:3000
2025-03-11T17:46:50.933Z [info]: ,items
2025-03-11T17:48:13.760Z [info]: Server is listening on http://localhost:3000
2025-03-11T17:48:16.333Z [info]: ,items
2025-03-11T17:49:20.909Z [info]: Server is listening on http://localhost:3000
2025-03-11T17:49:22.310Z [info]: ,items
2025-03-11T17:50:52.849Z [info]: Server is listening on http://localhost:3000
2025-03-11T17:50:54.680Z [info]: ,items
2025-03-11T17:51:13.976Z [info]: Server is listening on http://localhost:3000
2025-03-11T17:51:14.904Z [info]: ,items
2025-03-11T17:54:28.270Z [info]: Server is listening on http://localhost:3000
2025-03-11T17:54:30.420Z [info]: ,items
2025-03-11T18:21:05.037Z [info]: Server is listening on http://localhost:3000
2025-03-11T18:21:15.885Z [info]: ,items
2025-03-11T18:28:54.533Z [info]: Server is listening on http://localhost:3000
2025-03-11T18:31:42.397Z [info]: ,items
2025-03-11T18:37:46.002Z [info]: Server is listening on http://localhost:3000
2025-03-11T18:37:50.712Z [info]: ,items
2025-03-11T18:42:58.378Z [info]: Server is listening on http://localhost:3000
2025-03-11T18:43:00.945Z [info]: ,items
2025-03-11T18:43:33.836Z [info]: Server is listening on http://localhost:3000
2025-03-11T18:43:35.006Z [info]: ,items
2025-03-11T18:44:00.634Z [info]: Server is listening on http://localhost:3000
2025-03-11T18:44:01.880Z [info]: ,items
2025-03-11T18:44:41.089Z [info]: Server is listening on http://localhost:3000
2025-03-11T18:44:43.203Z [info]: ,items
2025-03-11T18:45:12.703Z [info]: Server is listening on http://localhost:3000
2025-03-11T18:45:15.507Z [info]: ,items
2025-03-11T18:47:56.473Z [info]: Server is listening on http://localhost:3000
2025-03-11T18:47:57.728Z [info]: ,items
2025-03-11T18:48:19.161Z [info]: Server is listening on http://localhost:3000
2025-03-11T18:48:25.091Z [info]: ,items
2025-03-11T18:48:36.164Z [info]: ,items
2025-03-11T18:48:48.241Z [info]: ,items
2025-03-11T18:49:15.076Z [info]: ,items
2025-03-11T18:49:27.423Z [info]: ,items
2025-03-11T18:49:36.671Z [info]: ,items
2025-03-11T18:49:53.144Z [info]: ,items
2025-03-11T18:50:13.987Z [info]: ,items
2025-03-11T18:50:55.186Z [info]: Server is listening on http://localhost:3000
2025-03-11T18:50:57.190Z [info]: ,items
2025-03-11T18:51:50.127Z [info]: ,items
2025-03-11T18:53:02.317Z [info]: Server is listening on http://localhost:3000
2025-03-11T18:53:03.926Z [info]: ,items
2025-03-11T18:54:57.422Z [info]: Server is listening on http://localhost:3000
2025-03-11T18:54:58.300Z [info]: ,items
2025-03-11T18:55:14.716Z [info]: Server is listening on http://localhost:3000
2025-03-11T18:55:29.754Z [info]: Server is listening on http://localhost:3000
2025-03-11T18:55:30.620Z [info]: ,items
2025-03-11T18:55:40.783Z [info]: Server is listening on http://localhost:3000
2025-03-11T18:55:42.264Z [info]: ,items
2025-03-11T18:57:44.884Z [info]: Server is listening on http://localhost:3000
2025-03-11T18:57:47.221Z [info]: ,items
2025-03-11T19:00:02.450Z [info]: Server is listening on http://localhost:3000
2025-03-11T19:00:07.110Z [info]: ,items
2025-03-11T19:00:11.520Z [info]: ,items
2025-03-11T19:09:31.379Z [info]: Server is listening on http://localhost:3000
2025-03-11T19:09:41.567Z [info]: ,items,peach
2025-03-11T19:12:36.583Z [info]: ,items,peach
2025-03-11T19:14:56.773Z [info]: ,items
2025-03-11T19:15:01.624Z [info]: ,items
2025-03-11T19:16:35.811Z [info]: Server is listening on http://localhost:3000
2025-03-11T19:16:42.237Z [info]: ,items,peach
2025-03-11T19:17:18.788Z [info]: Server is listening on http://localhost:3000
2025-03-11T19:17:19.797Z [info]: ,items,peach
2025-03-11T19:17:26.084Z [info]: ,items,peach
2025-03-11T19:17:34.577Z [info]: ,items,apple
2025-03-11T19:17:41.561Z [info]: ,items
2025-03-11T19:49:13.768Z [info]: Server is listening on http://localhost:3000
2025-03-11T19:49:19.554Z [info]: ,items
2025-03-11T19:49:26.317Z [info]: ,items
2025-03-11T19:49:37.607Z [info]: ,items,peach
2025-03-11T19:52:01.063Z [info]: Server is listening on http://localhost:3000
2025-03-11T19:52:02.759Z [info]: ,items,peach
2025-03-11T19:57:27.659Z [info]: Server is listening on http://localhost:3000
2025-03-11T19:57:29.667Z [info]: ,items,peach
2025-03-11T20:27:07.359Z [info]: Server is listening on http://localhost:3000
2025-03-11T20:27:15.359Z [info]: ,items,peach
2025-03-11T20:29:11.385Z [info]: Server is listening on http://localhost:3000
2025-03-11T20:29:14.794Z [info]: ,items,peach
2025-03-11T20:33:37.218Z [info]: Server is listening on http://localhost:3000
2025-03-11T20:33:38.986Z [info]: ,items,peach
2025-03-11T20:35:32.330Z [info]: Server is listening on http://localhost:3000
2025-03-11T20:35:35.450Z [info]: ,items,peach
2025-03-11T20:37:53.353Z [info]: Server is listening on http://localhost:3000
2025-03-11T20:37:55.903Z [info]: ,items,peach
2025-03-11T20:39:55.872Z [info]: Server is listening on http://localhost:3000
2025-03-11T20:40:10.635Z [info]: ,items,peach
2025-03-11T20:41:50.043Z [info]: Server is listening on http://localhost:3000
2025-03-11T20:41:51.857Z [info]: ,items,peach
2025-03-11T20:44:30.488Z [info]: Server is listening on http://localhost:3000
2025-03-11T20:44:32.672Z [info]: ,items,peach
2025-03-11T20:46:02.336Z [info]: Server is listening on http://localhost:3000
2025-03-11T20:46:04.592Z [info]: ,items,peach
2025-03-11T20:46:32.485Z [info]: ,items,peach
2025-03-11T20:47:09.509Z [info]: Server is listening on http://localhost:3000
2025-03-11T20:47:13.178Z [info]: ,items,peach
2025-03-11T20:57:34.079Z [info]: Server is listening on http://localhost:3000
2025-03-11T20:57:36.767Z [info]: ,items,peach
2025-03-11T20:57:40.301Z [info]: ,items,peach
2025-03-11T20:57:44.652Z [info]: ,items,peach
2025-03-11T20:58:04.489Z [info]: ,items
2025-03-11T20:58:08.610Z [info]: ,items
